2026-05-13T21:04:28.479+02:00  INFO 8456 --- [Lab_2_final] [main] emt.lab_2_final.Lab2FinalApplication     : Starting Lab2FinalApplication using Java 21.0.7 with PID 8456 (C:\Users\Ivana\Desktop\Lab_2_final\target\classes started by Ivana in C:\Users\Ivana\Desktop\Lab_2_final)
2026-05-13T21:04:28.479+02:00  INFO 8456 --- [Lab_2_final] [main] emt.lab_2_final.Lab2FinalApplication     : The following 1 profile is active: "dev"
2026-05-13T21:04:30.044+02:00  INFO 8456 --- [Lab_2_final] [main] o.apache.catalina.core.StandardService   : Starting service [Tomcat]
2026-05-13T21:04:30.044+02:00  INFO 8456 --- [Lab_2_final] [main] o.apache.catalina.core.StandardEngine    : Starting Servlet engine: [Apache Tomcat/10.1.36]
2026-05-13T21:04:30.085+02:00  INFO 8456 --- [Lab_2_final] [main] o.a.c.c.C.[Tomcat].[localhost].[/]       : Initializing Spring embedded WebApplicationContext
2026-05-13T21:04:30.244+02:00  INFO 8456 --- [Lab_2_final] [main] com.zaxxer.hikari.HikariDataSource       : HikariPool-1 - Starting...
2026-05-13T21:04:30.420+02:00  INFO 8456 --- [Lab_2_final] [main] com.zaxxer.hikari.pool.HikariPool        : HikariPool-1 - Added connection org.postgresql.jdbc.PgConnection@6eed46e9
2026-05-13T21:04:30.421+02:00  INFO 8456 --- [Lab_2_final] [main] com.zaxxer.hikari.HikariDataSource       : HikariPool-1 - Start completed.
2026-05-13T21:04:30.454+02:00  INFO 8456 --- [Lab_2_final] [main] org.flywaydb.core.FlywayExecutor         : Database: jdbc:postgresql://localhost:5432/Knigica (PostgreSQL 18.1)
2026-05-13T21:04:30.486+02:00  WARN 8456 --- [Lab_2_final] [main] o.f.c.internal.database.base.Database    : Flyway upgrade recommended: PostgreSQL 18.1 is newer than this version of Flyway and support has not been tested. The latest supported version of PostgreSQL is 17.
2026-05-13T21:04:30.549+02:00  INFO 8456 --- [Lab_2_final] [main] o.f.core.internal.command.DbValidate     : Successfully validated 10 migrations (execution time 00:00.050s)
2026-05-13T21:04:30.572+02:00  INFO 8456 --- [Lab_2_final] [main] o.f.core.internal.command.DbMigrate      : Current version of schema "public": 9
2026-05-13T21:04:30.574+02:00  INFO 8456 --- [Lab_2_final] [main] o.f.core.internal.command.DbMigrate      : Schema "public" is up to date. No migration necessary.
2026-05-13T21:04:30.659+02:00  INFO 8456 --- [Lab_2_final] [main] o.hibernate.jpa.internal.util.LogHelper  : HHH000204: Processing PersistenceUnitInfo [name: default]
2026-05-13T21:04:30.724+02:00  INFO 8456 --- [Lab_2_final] [main] org.hibernate.Version                    : HHH000412: Hibernate ORM core version 6.6.8.Final
2026-05-13T21:04:30.763+02:00  INFO 8456 --- [Lab_2_final] [main] o.h.c.internal.RegionFactoryInitiator    : HHH000026: Second-level cache disabled
2026-05-13T21:04:31.066+02:00  INFO 8456 --- [Lab_2_final] [main] org.hibernate.orm.connections.pooling    : HHH10001005: Database info:
	Database JDBC URL [Connecting through datasource 'HikariDataSource (HikariPool-1)']
	Database driver: undefined/unknown
	Database version: 18.1
	Autocommit mode: undefined/unknown
	Isolation level: undefined/unknown
	Minimum pool size: undefined/unknown
	Maximum pool size: undefined/unknown
2026-05-13T21:04:32.009+02:00  INFO 8456 --- [Lab_2_final] [main] o.h.e.t.j.p.i.JtaPlatformInitiator       : HHH000489: No JTA platform available (set 'hibernate.transaction.jta.platform' to enable JTA platform integration)
2026-05-13T21:04:32.394+02:00  WARN 8456 --- [Lab_2_final] [main] JpaBaseConfiguration$JpaWebConfiguration : spring.jpa.open-in-view is enabled by default. Therefore, database queries may be performed during view rendering. Explicitly configure spring.jpa.open-in-view to disable this warning
2026-05-13T21:04:33.458+02:00  INFO 8456 --- [Lab_2_final] [main] emt.lab_2_final.Lab2FinalApplication     : Started Lab2FinalApplication in 5.413 seconds (process running for 6.079)
2026-05-13T21:04:57.055+02:00  INFO 8456 --- [Lab_2_final] [http-nio-8080-exec-1] o.a.c.c.C.[Tomcat].[localhost].[/]       : Initializing Spring DispatcherServlet 'dispatcherServlet'
2026-05-13T21:04:57.216+02:00 DEBUG 8456 --- [Lab_2_final] [http-nio-8080-exec-1] org.hibernate.SQL                        : select b1_0.id,b1_0.author_id,b1_0.available_copies,b1_0.book_state,b1_0.category,b1_0.created_at,b1_0.date_published,b1_0.title,b1_0.updated_at from book b1_0
2026-05-13T21:04:57.266+02:00 DEBUG 8456 --- [Lab_2_final] [http-nio-8080-exec-1] org.hibernate.SQL                        : select a1_0.id,c1_0.id,c1_0.continent,c1_0.name,a1_0.created_at,a1_0.name,a1_0.surname,a1_0.updated_at from author a1_0 left join country c1_0 on c1_0.id=a1_0.country_id where a1_0.id=?
2026-05-13T21:04:57.266+02:00 TRACE 8456 --- [Lab_2_final] [http-nio-8080-exec-1] org.hibernate.orm.jdbc.bind              : binding parameter (1:BIGINT) <- [1]
2026-05-13T21:04:57.299+02:00 DEBUG 8456 --- [Lab_2_final] [http-nio-8080-exec-1] org.hibernate.SQL                        : select a1_0.id,c1_0.id,c1_0.continent,c1_0.name,a1_0.created_at,a1_0.name,a1_0.surname,a1_0.updated_at from author a1_0 left join country c1_0 on c1_0.id=a1_0.country_id where a1_0.id=?
2026-05-13T21:04:57.299+02:00 TRACE 8456 --- [Lab_2_final] [http-nio-8080-exec-1] org.hibernate.orm.jdbc.bind              : binding parameter (1:BIGINT) <- [2]
2026-05-13T21:04:57.299+02:00 DEBUG 8456 --- [Lab_2_final] [http-nio-8080-exec-1] org.hibernate.SQL                        : select a1_0.id,c1_0.id,c1_0.continent,c1_0.name,a1_0.created_at,a1_0.name,a1_0.surname,a1_0.updated_at from author a1_0 left join country c1_0 on c1_0.id=a1_0.country_id where a1_0.id=?
2026-05-13T21:04:57.299+02:00 TRACE 8456 --- [Lab_2_final] [http-nio-8080-exec-1] org.hibernate.orm.jdbc.bind              : binding parameter (1:BIGINT) <- [3]
2026-05-13T21:04:57.366+02:00 DEBUG 8456 --- [Lab_2_final] [http-nio-8080-exec-2] org.hibernate.SQL                        : select b1_0.id,b1_0.author_id,b1_0.available_copies,b1_0.book_state,b1_0.category,b1_0.created_at,b1_0.date_published,b1_0.title,b1_0.updated_at from book b1_0
2026-05-13T21:04:57.366+02:00 DEBUG 8456 --- [Lab_2_final] [http-nio-8080-exec-2] org.hibernate.SQL                        : select a1_0.id,c1_0.id,c1_0.continent,c1_0.name,a1_0.created_at,a1_0.name,a1_0.surname,a1_0.updated_at from author a1_0 left join country c1_0 on c1_0.id=a1_0.country_id where a1_0.id=?
2026-05-13T21:04:57.366+02:00 TRACE 8456 --- [Lab_2_final] [http-nio-8080-exec-2] org.hibernate.orm.jdbc.bind              : binding parameter (1:BIGINT) <- [1]
2026-05-13T21:04:57.366+02:00 DEBUG 8456 --- [Lab_2_final] [http-nio-8080-exec-2] org.hibernate.SQL                        : select a1_0.id,c1_0.id,c1_0.continent,c1_0.name,a1_0.created_at,a1_0.name,a1_0.surname,a1_0.updated_at from author a1_0 left join country c1_0 on c1_0.id=a1_0.country_id where a1_0.id=?
2026-05-13T21:04:57.366+02:00 TRACE 8456 --- [Lab_2_final] [http-nio-8080-exec-2] org.hibernate.orm.jdbc.bind              : binding parameter (1:BIGINT) <- [2]
2026-05-13T21:04:57.366+02:00 DEBUG 8456 --- [Lab_2_final] [http-nio-8080-exec-2] org.hibernate.SQL                        : select a1_0.id,c1_0.id,c1_0.continent,c1_0.name,a1_0.created_at,a1_0.name,a1_0.surname,a1_0.updated_at from author a1_0 left join country c1_0 on c1_0.id=a1_0.country_id where a1_0.id=?
2026-05-13T21:04:57.366+02:00 TRACE 8456 --- [Lab_2_final] [http-nio-8080-exec-2] org.hibernate.orm.jdbc.bind              : binding parameter (1:BIGINT) <- [3]
2026-05-13T21:04:57.482+02:00 DEBUG 8456 --- [Lab_2_final] [http-nio-8080-exec-10] org.hibernate.SQL                        : select a1_0.id,a1_0.country_id,a1_0.created_at,a1_0.name,a1_0.surname,a1_0.updated_at from author a1_0
2026-05-13T21:04:57.482+02:00 DEBUG 8456 --- [Lab_2_final] [http-nio-8080-exec-10] org.hibernate.SQL                        : select c1_0.id,c1_0.continent,c1_0.name from country c1_0 where c1_0.id=?
2026-05-13T21:04:57.482+02:00 TRACE 8456 --- [Lab_2_final] [http-nio-8080-exec-10] org.hibernate.orm.jdbc.bind              : binding parameter (1:BIGINT) <- [1]
2026-05-13T21:04:57.482+02:00 DEBUG 8456 --- [Lab_2_final] [http-nio-8080-exec-10] org.hibernate.SQL                        : select c1_0.id,c1_0.continent,c1_0.name from country c1_0 where c1_0.id=?
2026-05-13T21:04:57.482+02:00 TRACE 8456 --- [Lab_2_final] [http-nio-8080-exec-10] org.hibernate.orm.jdbc.bind              : binding parameter (1:BIGINT) <- [2]
2026-05-13T21:04:57.482+02:00 DEBUG 8456 --- [Lab_2_final] [http-nio-8080-exec-10] org.hibernate.SQL                        : select c1_0.id,c1_0.continent,c1_0.name from country c1_0 where c1_0.id=?
2026-05-13T21:04:57.482+02:00 TRACE 8456 --- [Lab_2_final] [http-nio-8080-exec-10] org.hibernate.orm.jdbc.bind              : binding parameter (1:BIGINT) <- [3]
2026-05-13T21:04:57.498+02:00 DEBUG 8456 --- [Lab_2_final] [http-nio-8080-exec-4] org.hibernate.SQL                        : select a1_0.id,a1_0.country_id,a1_0.created_at,a1_0.name,a1_0.surname,a1_0.updated_at from author a1_0
2026-05-13T21:04:57.498+02:00 DEBUG 8456 --- [Lab_2_final] [http-nio-8080-exec-4] org.hibernate.SQL                        : select c1_0.id,c1_0.continent,c1_0.name from country c1_0 where c1_0.id=?
2026-05-13T21:04:57.498+02:00 TRACE 8456 --- [Lab_2_final] [http-nio-8080-exec-4] org.hibernate.orm.jdbc.bind              : binding parameter (1:BIGINT) <- [1]
2026-05-13T21:04:57.498+02:00 DEBUG 8456 --- [Lab_2_final] [http-nio-8080-exec-4] org.hibernate.SQL                        : select c1_0.id,c1_0.continent,c1_0.name from country c1_0 where c1_0.id=?
2026-05-13T21:04:57.498+02:00 TRACE 8456 --- [Lab_2_final] [http-nio-8080-exec-4] org.hibernate.orm.jdbc.bind              : binding parameter (1:BIGINT) <- [2]
2026-05-13T21:04:57.498+02:00 DEBUG 8456 --- [Lab_2_final] [http-nio-8080-exec-4] org.hibernate.SQL                        : select c1_0.id,c1_0.continent,c1_0.name from country c1_0 where c1_0.id=?
2026-05-13T21:04:57.498+02:00 TRACE 8456 --- [Lab_2_final] [http-nio-8080-exec-4] org.hibernate.orm.jdbc.bind              : binding parameter (1:BIGINT) <- [3]
2026-05-13T21:05:03.569+02:00 DEBUG 8456 --- [Lab_2_final] [http-nio-8080-exec-6] org.hibernate.SQL                        : select a1_0.id,a1_0.country_id,a1_0.created_at,a1_0.name,a1_0.surname,a1_0.updated_at from author a1_0
2026-05-13T21:05:03.569+02:00 DEBUG 8456 --- [Lab_2_final] [http-nio-8080-exec-6] org.hibernate.SQL                        : select c1_0.id,c1_0.continent,c1_0.name from country c1_0 where c1_0.id=?
2026-05-13T21:05:03.569+02:00 TRACE 8456 --- [Lab_2_final] [http-nio-8080-exec-6] org.hibernate.orm.jdbc.bind              : binding parameter (1:BIGINT) <- [1]
2026-05-13T21:05:03.569+02:00 DEBUG 8456 --- [Lab_2_final] [http-nio-8080-exec-6] org.hibernate.SQL                        : select c1_0.id,c1_0.continent,c1_0.name from country c1_0 where c1_0.id=?
2026-05-13T21:05:03.569+02:00 TRACE 8456 --- [Lab_2_final] [http-nio-8080-exec-6] org.hibernate.orm.jdbc.bind              : binding parameter (1:BIGINT) <- [2]
2026-05-13T21:05:03.569+02:00 DEBUG 8456 --- [Lab_2_final] [http-nio-8080-exec-6] org.hibernate.SQL                        : select c1_0.id,c1_0.continent,c1_0.name from country c1_0 where c1_0.id=?
2026-05-13T21:05:03.569+02:00 TRACE 8456 --- [Lab_2_final] [http-nio-8080-exec-6] org.hibernate.orm.jdbc.bind              : binding parameter (1:BIGINT) <- [3]
2026-05-13T21:05:03.586+02:00 DEBUG 8456 --- [Lab_2_final] [http-nio-8080-exec-7] org.hibernate.SQL                        : select a1_0.id,a1_0.country_id,a1_0.created_at,a1_0.name,a1_0.surname,a1_0.updated_at from author a1_0
2026-05-13T21:05:03.588+02:00 DEBUG 8456 --- [Lab_2_final] [http-nio-8080-exec-7] org.hibernate.SQL                        : select c1_0.id,c1_0.continent,c1_0.name from country c1_0 where c1_0.id=?
2026-05-13T21:05:03.588+02:00 TRACE 8456 --- [Lab_2_final] [http-nio-8080-exec-7] org.hibernate.orm.jdbc.bind              : binding parameter (1:BIGINT) <- [1]
2026-05-13T21:05:03.589+02:00 DEBUG 8456 --- [Lab_2_final] [http-nio-8080-exec-7] org.hibernate.SQL                        : select c1_0.id,c1_0.continent,c1_0.name from country c1_0 where c1_0.id=?
2026-05-13T21:05:03.590+02:00 TRACE 8456 --- [Lab_2_final] [http-nio-8080-exec-7] org.hibernate.orm.jdbc.bind              : binding parameter (1:BIGINT) <- [2]
2026-05-13T21:05:03.591+02:00 DEBUG 8456 --- [Lab_2_final] [http-nio-8080-exec-7] org.hibernate.SQL                        : select c1_0.id,c1_0.continent,c1_0.name from country c1_0 where c1_0.id=?
2026-05-13T21:05:03.591+02:00 TRACE 8456 --- [Lab_2_final] [http-nio-8080-exec-7] org.hibernate.orm.jdbc.bind              : binding parameter (1:BIGINT) <- [3]
2026-05-13T21:05:20.233+02:00 DEBUG 8456 --- [Lab_2_final] [http-nio-8080-exec-8] org.hibernate.SQL                        : select a1_0.id,a1_0.country_id,a1_0.created_at,a1_0.name,a1_0.surname,a1_0.updated_at from author a1_0
2026-05-13T21:05:20.233+02:00 DEBUG 8456 --- [Lab_2_final] [http-nio-8080-exec-8] org.hibernate.SQL                        : select c1_0.id,c1_0.continent,c1_0.name from country c1_0 where c1_0.id=?
2026-05-13T21:05:20.233+02:00 TRACE 8456 --- [Lab_2_final] [http-nio-8080-exec-8] org.hibernate.orm.jdbc.bind              : binding parameter (1:BIGINT) <- [1]
2026-05-13T21:05:20.233+02:00 DEBUG 8456 --- [Lab_2_final] [http-nio-8080-exec-8] org.hibernate.SQL                        : select c1_0.id,c1_0.continent,c1_0.name from country c1_0 where c1_0.id=?
2026-05-13T21:05:20.233+02:00 TRACE 8456 --- [Lab_2_final] [http-nio-8080-exec-8] org.hibernate.orm.jdbc.bind              : binding parameter (1:BIGINT) <- [2]
2026-05-13T21:05:20.233+02:00 DEBUG 8456 --- [Lab_2_final] [http-nio-8080-exec-8] org.hibernate.SQL                        : select c1_0.id,c1_0.continent,c1_0.name from country c1_0 where c1_0.id=?
2026-05-13T21:05:20.244+02:00 TRACE 8456 --- [Lab_2_final] [http-nio-8080-exec-8] org.hibernate.orm.jdbc.bind              : binding parameter (1:BIGINT) <- [3]
2026-05-13T21:05:20.253+02:00 DEBUG 8456 --- [Lab_2_final] [http-nio-8080-exec-5] org.hibernate.SQL                        : select a1_0.id,a1_0.country_id,a1_0.created_at,a1_0.name,a1_0.surname,a1_0.updated_at from author a1_0
2026-05-13T21:05:20.255+02:00 DEBUG 8456 --- [Lab_2_final] [http-nio-8080-exec-5] org.hibernate.SQL                        : select c1_0.id,c1_0.continent,c1_0.name from country c1_0 where c1_0.id=?
2026-05-13T21:05:20.255+02:00 TRACE 8456 --- [Lab_2_final] [http-nio-8080-exec-5] org.hibernate.orm.jdbc.bind              : binding parameter (1:BIGINT) <- [1]
2026-05-13T21:05:20.257+02:00 DEBUG 8456 --- [Lab_2_final] [http-nio-8080-exec-5] org.hibernate.SQL                        : select c1_0.id,c1_0.continent,c1_0.name from country c1_0 where c1_0.id=?
2026-05-13T21:05:20.258+02:00 TRACE 8456 --- [Lab_2_final] [http-nio-8080-exec-5] org.hibernate.orm.jdbc.bind              : binding parameter (1:BIGINT) <- [2]
2026-05-13T21:05:20.259+02:00 DEBUG 8456 --- [Lab_2_final] [http-nio-8080-exec-5] org.hibernate.SQL                        : select c1_0.id,c1_0.continent,c1_0.name from country c1_0 where c1_0.id=?
2026-05-13T21:05:20.260+02:00 TRACE 8456 --- [Lab_2_final] [http-nio-8080-exec-5] org.hibernate.orm.jdbc.bind              : binding parameter (1:BIGINT) <- [3]
2026-05-13T21:05:25.354+02:00 DEBUG 8456 --- [Lab_2_final] [http-nio-8080-exec-9] org.hibernate.SQL                        : select a1_0.id,a1_0.country_id,a1_0.created_at,a1_0.name,a1_0.surname,a1_0.updated_at from author a1_0
2026-05-13T21:05:25.360+02:00 DEBUG 8456 --- [Lab_2_final] [http-nio-8080-exec-9] org.hibernate.SQL                        : select c1_0.id,c1_0.continent,c1_0.name from country c1_0 where c1_0.id=?
2026-05-13T21:05:25.360+02:00 TRACE 8456 --- [Lab_2_final] [http-nio-8080-exec-9] org.hibernate.orm.jdbc.bind              : binding parameter (1:BIGINT) <- [1]
2026-05-13T21:05:25.361+02:00 DEBUG 8456 --- [Lab_2_final] [http-nio-8080-exec-9] org.hibernate.SQL                        : select c1_0.id,c1_0.continent,c1_0.name from country c1_0 where c1_0.id=?
2026-05-13T21:05:25.362+02:00 TRACE 8456 --- [Lab_2_final] [http-nio-8080-exec-9] org.hibernate.orm.jdbc.bind              : binding parameter (1:BIGINT) <- [2]
2026-05-13T21:05:25.363+02:00 DEBUG 8456 --- [Lab_2_final] [http-nio-8080-exec-9] org.hibernate.SQL                        : select c1_0.id,c1_0.continent,c1_0.name from country c1_0 where c1_0.id=?
2026-05-13T21:05:25.363+02:00 TRACE 8456 --- [Lab_2_final] [http-nio-8080-exec-9] org.hibernate.orm.jdbc.bind              : binding parameter (1:BIGINT) <- [3]
2026-05-13T21:05:25.373+02:00 DEBUG 8456 --- [Lab_2_final] [http-nio-8080-exec-3] org.hibernate.SQL                        : select a1_0.id,a1_0.country_id,a1_0.created_at,a1_0.name,a1_0.surname,a1_0.updated_at from author a1_0
2026-05-13T21:05:25.376+02:00 DEBUG 8456 --- [Lab_2_final] [http-nio-8080-exec-3] org.hibernate.SQL                        : select c1_0.id,c1_0.continent,c1_0.name from country c1_0 where c1_0.id=?
2026-05-13T21:05:25.376+02:00 TRACE 8456 --- [Lab_2_final] [http-nio-8080-exec-3] org.hibernate.orm.jdbc.bind              : binding parameter (1:BIGINT) <- [1]
2026-05-13T21:05:25.377+02:00 DEBUG 8456 --- [Lab_2_final] [http-nio-8080-exec-3] org.hibernate.SQL                        : select c1_0.id,c1_0.continent,c1_0.name from country c1_0 where c1_0.id=?
2026-05-13T21:05:25.378+02:00 TRACE 8456 --- [Lab_2_final] [http-nio-8080-exec-3] org.hibernate.orm.jdbc.bind              : binding parameter (1:BIGINT) <- [2]
2026-05-13T21:05:25.380+02:00 DEBUG 8456 --- [Lab_2_final] [http-nio-8080-exec-3] org.hibernate.SQL                        : select c1_0.id,c1_0.continent,c1_0.name from country c1_0 where c1_0.id=?
2026-05-13T21:05:25.380+02:00 TRACE 8456 --- [Lab_2_final] [http-nio-8080-exec-3] org.hibernate.orm.jdbc.bind              : binding parameter (1:BIGINT) <- [3]
2026-05-13T21:05:28.560+02:00 DEBUG 8456 --- [Lab_2_final] [http-nio-8080-exec-1] org.hibernate.SQL                        : select a1_0.id,c1_0.id,c1_0.continent,c1_0.name,a1_0.created_at,a1_0.name,a1_0.surname,a1_0.updated_at from author a1_0 left join country c1_0 on c1_0.id=a1_0.country_id where a1_0.id=?
2026-05-13T21:05:28.560+02:00 TRACE 8456 --- [Lab_2_final] [http-nio-8080-exec-1] org.hibernate.orm.jdbc.bind              : binding parameter (1:BIGINT) <- [1]
2026-05-13T21:05:28.560+02:00 DEBUG 8456 --- [Lab_2_final] [http-nio-8080-exec-2] org.hibernate.SQL                        : select a1_0.id,c1_0.id,c1_0.continent,c1_0.name,a1_0.created_at,a1_0.name,a1_0.surname,a1_0.updated_at from author a1_0 left join country c1_0 on c1_0.id=a1_0.country_id where a1_0.id=?
2026-05-13T21:05:28.560+02:00 TRACE 8456 --- [Lab_2_final] [http-nio-8080-exec-2] org.hibernate.orm.jdbc.bind              : binding parameter (1:BIGINT) <- [1]
2026-05-13T21:05:30.116+02:00 DEBUG 8456 --- [Lab_2_final] [http-nio-8080-exec-10] org.hibernate.SQL                        : select a1_0.id,a1_0.country_id,a1_0.created_at,a1_0.name,a1_0.surname,a1_0.updated_at from author a1_0
2026-05-13T21:05:30.116+02:00 DEBUG 8456 --- [Lab_2_final] [http-nio-8080-exec-10] org.hibernate.SQL                        : select c1_0.id,c1_0.continent,c1_0.name from country c1_0 where c1_0.id=?
2026-05-13T21:05:30.116+02:00 TRACE 8456 --- [Lab_2_final] [http-nio-8080-exec-10] org.hibernate.orm.jdbc.bind              : binding parameter (1:BIGINT) <- [1]
2026-05-13T21:05:30.116+02:00 DEBUG 8456 --- [Lab_2_final] [http-nio-8080-exec-10] org.hibernate.SQL                        : select c1_0.id,c1_0.continent,c1_0.name from country c1_0 where c1_0.id=?
2026-05-13T21:05:30.116+02:00 TRACE 8456 --- [Lab_2_final] [http-nio-8080-exec-10] org.hibernate.orm.jdbc.bind              : binding parameter (1:BIGINT) <- [2]
2026-05-13T21:05:30.116+02:00 DEBUG 8456 --- [Lab_2_final] [http-nio-8080-exec-10] org.hibernate.SQL                        : select c1_0.id,c1_0.continent,c1_0.name from country c1_0 where c1_0.id=?
2026-05-13T21:05:30.116+02:00 TRACE 8456 --- [Lab_2_final] [http-nio-8080-exec-10] org.hibernate.orm.jdbc.bind              : binding parameter (1:BIGINT) <- [3]
2026-05-13T21:05:30.132+02:00 DEBUG 8456 --- [Lab_2_final] [http-nio-8080-exec-10] org.hibernate.SQL                        : select a1_0.id,a1_0.country_id,a1_0.created_at,a1_0.name,a1_0.surname,a1_0.updated_at from author a1_0
2026-05-13T21:05:30.134+02:00 DEBUG 8456 --- [Lab_2_final] [http-nio-8080-exec-10] org.hibernate.SQL                        : select c1_0.id,c1_0.continent,c1_0.name from country c1_0 where c1_0.id=?
2026-05-13T21:05:30.134+02:00 TRACE 8456 --- [Lab_2_final] [http-nio-8080-exec-10] org.hibernate.orm.jdbc.bind              : binding parameter (1:BIGINT) <- [1]
2026-05-13T21:05:30.136+02:00 DEBUG 8456 --- [Lab_2_final] [http-nio-8080-exec-10] org.hibernate.SQL                        : select c1_0.id,c1_0.continent,c1_0.name from country c1_0 where c1_0.id=?
2026-05-13T21:05:30.136+02:00 TRACE 8456 --- [Lab_2_final] [http-nio-8080-exec-10] org.hibernate.orm.jdbc.bind              : binding parameter (1:BIGINT) <- [2]
2026-05-13T21:05:30.137+02:00 DEBUG 8456 --- [Lab_2_final] [http-nio-8080-exec-10] org.hibernate.SQL                        : select c1_0.id,c1_0.continent,c1_0.name from country c1_0 where c1_0.id=?
2026-05-13T21:05:30.138+02:00 TRACE 8456 --- [Lab_2_final] [http-nio-8080-exec-10] org.hibernate.orm.jdbc.bind              : binding parameter (1:BIGINT) <- [3]
2026-05-13T21:05:31.113+02:00 DEBUG 8456 --- [Lab_2_final] [http-nio-8080-exec-6] org.hibernate.SQL                        : select a1_0.id,c1_0.id,c1_0.continent,c1_0.name,a1_0.created_at,a1_0.name,a1_0.surname,a1_0.updated_at from author a1_0 left join country c1_0 on c1_0.id=a1_0.country_id where a1_0.id=?
2026-05-13T21:05:31.114+02:00 TRACE 8456 --- [Lab_2_final] [http-nio-8080-exec-6] org.hibernate.orm.jdbc.bind              : binding parameter (1:BIGINT) <- [1]
2026-05-13T21:05:31.117+02:00 DEBUG 8456 --- [Lab_2_final] [http-nio-8080-exec-7] org.hibernate.SQL                        : select a1_0.id,c1_0.id,c1_0.continent,c1_0.name,a1_0.created_at,a1_0.name,a1_0.surname,a1_0.updated_at from author a1_0 left join country c1_0 on c1_0.id=a1_0.country_id where a1_0.id=?
2026-05-13T21:05:31.117+02:00 TRACE 8456 --- [Lab_2_final] [http-nio-8080-exec-7] org.hibernate.orm.jdbc.bind              : binding parameter (1:BIGINT) <- [1]
2026-05-13T21:05:33.120+02:00 DEBUG 8456 --- [Lab_2_final] [http-nio-8080-exec-8] org.hibernate.SQL                        : select a1_0.id,a1_0.country_id,a1_0.created_at,a1_0.name,a1_0.surname,a1_0.updated_at from author a1_0
2026-05-13T21:05:33.120+02:00 DEBUG 8456 --- [Lab_2_final] [http-nio-8080-exec-8] org.hibernate.SQL                        : select c1_0.id,c1_0.continent,c1_0.name from country c1_0 where c1_0.id=?
2026-05-13T21:05:33.120+02:00 TRACE 8456 --- [Lab_2_final] [http-nio-8080-exec-8] org.hibernate.orm.jdbc.bind              : binding parameter (1:BIGINT) <- [1]
2026-05-13T21:05:33.120+02:00 DEBUG 8456 --- [Lab_2_final] [http-nio-8080-exec-8] org.hibernate.SQL                        : select c1_0.id,c1_0.continent,c1_0.name from country c1_0 where c1_0.id=?
2026-05-13T21:05:33.125+02:00 TRACE 8456 --- [Lab_2_final] [http-nio-8080-exec-8] org.hibernate.orm.jdbc.bind              : binding parameter (1:BIGINT) <- [2]
2026-05-13T21:05:33.126+02:00 DEBUG 8456 --- [Lab_2_final] [http-nio-8080-exec-8] org.hibernate.SQL                        : select c1_0.id,c1_0.continent,c1_0.name from country c1_0 where c1_0.id=?
2026-05-13T21:05:33.126+02:00 TRACE 8456 --- [Lab_2_final] [http-nio-8080-exec-8] org.hibernate.orm.jdbc.bind              : binding parameter (1:BIGINT) <- [3]
2026-05-13T21:05:33.136+02:00 DEBUG 8456 --- [Lab_2_final] [http-nio-8080-exec-5] org.hibernate.SQL                        : select a1_0.id,a1_0.country_id,a1_0.created_at,a1_0.name,a1_0.surname,a1_0.updated_at from author a1_0
2026-05-13T21:05:33.138+02:00 DEBUG 8456 --- [Lab_2_final] [http-nio-8080-exec-5] org.hibernate.SQL                        : select c1_0.id,c1_0.continent,c1_0.name from country c1_0 where c1_0.id=?
2026-05-13T21:05:33.138+02:00 TRACE 8456 --- [Lab_2_final] [http-nio-8080-exec-5] org.hibernate.orm.jdbc.bind              : binding parameter (1:BIGINT) <- [1]
2026-05-13T21:05:33.140+02:00 DEBUG 8456 --- [Lab_2_final] [http-nio-8080-exec-5] org.hibernate.SQL                        : select c1_0.id,c1_0.continent,c1_0.name from country c1_0 where c1_0.id=?
2026-05-13T21:05:33.140+02:00 TRACE 8456 --- [Lab_2_final] [http-nio-8080-exec-5] org.hibernate.orm.jdbc.bind              : binding parameter (1:BIGINT) <- [2]
2026-05-13T21:05:33.141+02:00 DEBUG 8456 --- [Lab_2_final] [http-nio-8080-exec-5] org.hibernate.SQL                        : select c1_0.id,c1_0.continent,c1_0.name from country c1_0 where c1_0.id=?
2026-05-13T21:05:33.142+02:00 TRACE 8456 --- [Lab_2_final] [http-nio-8080-exec-5] org.hibernate.orm.jdbc.bind              : binding parameter (1:BIGINT) <- [3]
2026-05-13T21:05:34.767+02:00 DEBUG 8456 --- [Lab_2_final] [http-nio-8080-exec-9] org.hibernate.SQL                        : select c1_0.id,c1_0.continent,c1_0.name from country c1_0
2026-05-13T21:05:34.781+02:00 DEBUG 8456 --- [Lab_2_final] [http-nio-8080-exec-3] org.hibernate.SQL                        : select c1_0.id,c1_0.continent,c1_0.name from country c1_0
2026-05-13T21:05:35.875+02:00 DEBUG 8456 --- [Lab_2_final] [http-nio-8080-exec-1] org.hibernate.SQL                        : select c1_0.id,c1_0.continent,c1_0.name from country c1_0 where c1_0.id=?
2026-05-13T21:05:35.875+02:00 TRACE 8456 --- [Lab_2_final] [http-nio-8080-exec-1] org.hibernate.orm.jdbc.bind              : binding parameter (1:BIGINT) <- [1]
2026-05-13T21:05:35.900+02:00 DEBUG 8456 --- [Lab_2_final] [http-nio-8080-exec-2] org.hibernate.SQL                        : select c1_0.id,c1_0.continent,c1_0.name from country c1_0 where c1_0.id=?
2026-05-13T21:05:35.901+02:00 TRACE 8456 --- [Lab_2_final] [http-nio-8080-exec-2] org.hibernate.orm.jdbc.bind              : binding parameter (1:BIGINT) <- [1]
2026-05-13T21:05:38.580+02:00 DEBUG 8456 --- [Lab_2_final] [http-nio-8080-exec-4] org.hibernate.SQL                        : select c1_0.id,c1_0.continent,c1_0.name from country c1_0
2026-05-13T21:05:38.583+02:00 DEBUG 8456 --- [Lab_2_final] [http-nio-8080-exec-10] org.hibernate.SQL                        : select c1_0.id,c1_0.continent,c1_0.name from country c1_0
2026-05-13T21:05:39.926+02:00 DEBUG 8456 --- [Lab_2_final] [http-nio-8080-exec-6] org.hibernate.SQL                        : select c1_0.id,c1_0.continent,c1_0.name from country c1_0 where c1_0.id=?
2026-05-13T21:05:39.927+02:00 TRACE 8456 --- [Lab_2_final] [http-nio-8080-exec-6] org.hibernate.orm.jdbc.bind              : binding parameter (1:BIGINT) <- [1]
2026-05-13T21:05:39.936+02:00 DEBUG 8456 --- [Lab_2_final] [http-nio-8080-exec-6] org.hibernate.SQL                        : select c1_0.id,c1_0.continent,c1_0.name from country c1_0 where c1_0.id=?
2026-05-13T21:05:39.936+02:00 TRACE 8456 --- [Lab_2_final] [http-nio-8080-exec-6] org.hibernate.orm.jdbc.bind              : binding parameter (1:BIGINT) <- [1]
2026-05-13T21:05:40.476+02:00 DEBUG 8456 --- [Lab_2_final] [http-nio-8080-exec-8] org.hibernate.SQL                        : select c1_0.id,c1_0.continent,c1_0.name from country c1_0
2026-05-13T21:05:40.483+02:00 DEBUG 8456 --- [Lab_2_final] [http-nio-8080-exec-5] org.hibernate.SQL                        : select c1_0.id,c1_0.continent,c1_0.name from country c1_0
2026-05-13T21:10:30.033+02:00 DEBUG 8456 --- [Lab_2_final] [http-nio-8080-exec-1] org.hibernate.SQL                        : select a1_0.id,a1_0.country_id,a1_0.created_at,a1_0.name,a1_0.surname,a1_0.updated_at from author a1_0
2026-05-13T21:10:30.033+02:00 DEBUG 8456 --- [Lab_2_final] [http-nio-8080-exec-1] org.hibernate.SQL                        : select c1_0.id,c1_0.continent,c1_0.name from country c1_0 where c1_0.id=?
2026-05-13T21:10:30.033+02:00 TRACE 8456 --- [Lab_2_final] [http-nio-8080-exec-1] org.hibernate.orm.jdbc.bind              : binding parameter (1:BIGINT) <- [1]
2026-05-13T21:10:30.033+02:00 DEBUG 8456 --- [Lab_2_final] [http-nio-8080-exec-1] org.hibernate.SQL                        : select c1_0.id,c1_0.continent,c1_0.name from country c1_0 where c1_0.id=?
2026-05-13T21:10:30.033+02:00 TRACE 8456 --- [Lab_2_final] [http-nio-8080-exec-1] org.hibernate.orm.jdbc.bind              : binding parameter (1:BIGINT) <- [2]
2026-05-13T21:10:30.033+02:00 DEBUG 8456 --- [Lab_2_final] [http-nio-8080-exec-1] org.hibernate.SQL                        : select c1_0.id,c1_0.continent,c1_0.name from country c1_0 where c1_0.id=?
2026-05-13T21:10:30.033+02:00 TRACE 8456 --- [Lab_2_final] [http-nio-8080-exec-1] org.hibernate.orm.jdbc.bind              : binding parameter (1:BIGINT) <- [3]
2026-05-13T21:10:30.049+02:00 DEBUG 8456 --- [Lab_2_final] [http-nio-8080-exec-2] org.hibernate.SQL                        : select a1_0.id,a1_0.country_id,a1_0.created_at,a1_0.name,a1_0.surname,a1_0.updated_at from author a1_0
2026-05-13T21:10:30.051+02:00 DEBUG 8456 --- [Lab_2_final] [http-nio-8080-exec-2] org.hibernate.SQL                        : select c1_0.id,c1_0.continent,c1_0.name from country c1_0 where c1_0.id=?
2026-05-13T21:10:30.051+02:00 TRACE 8456 --- [Lab_2_final] [http-nio-8080-exec-2] org.hibernate.orm.jdbc.bind              : binding parameter (1:BIGINT) <- [1]
2026-05-13T21:10:30.053+02:00 DEBUG 8456 --- [Lab_2_final] [http-nio-8080-exec-2] org.hibernate.SQL                        : select c1_0.id,c1_0.continent,c1_0.name from country c1_0 where c1_0.id=?
2026-05-13T21:10:30.053+02:00 TRACE 8456 --- [Lab_2_final] [http-nio-8080-exec-2] org.hibernate.orm.jdbc.bind              : binding parameter (1:BIGINT) <- [2]
2026-05-13T21:10:30.054+02:00 DEBUG 8456 --- [Lab_2_final] [http-nio-8080-exec-2] org.hibernate.SQL                        : select c1_0.id,c1_0.continent,c1_0.name from country c1_0 where c1_0.id=?
2026-05-13T21:10:30.055+02:00 TRACE 8456 --- [Lab_2_final] [http-nio-8080-exec-2] org.hibernate.orm.jdbc.bind              : binding parameter (1:BIGINT) <- [3]
2026-05-13T21:10:30.078+02:00 DEBUG 8456 --- [Lab_2_final] [http-nio-8080-exec-4] org.hibernate.SQL                        : select c1_0.id,c1_0.continent,c1_0.name from country c1_0
2026-05-13T21:10:30.078+02:00 DEBUG 8456 --- [Lab_2_final] [http-nio-8080-exec-10] org.hibernate.SQL                        : select c1_0.id,c1_0.continent,c1_0.name from country c1_0
2026-05-13T21:13:35.445+02:00  WARN 8456 --- [Lab_2_final] [http-nio-8080-exec-5] .w.s.m.s.DefaultHandlerExceptionResolver : Resolved [org.springframework.web.HttpRequestMethodNotSupportedException: Request method 'POST' is not supported]
2026-05-13T21:13:37.355+02:00  WARN 8456 --- [Lab_2_final] [http-nio-8080-exec-9] .w.s.m.s.DefaultHandlerExceptionResolver : Resolved [org.springframework.web.HttpRequestMethodNotSupportedException: Request method 'POST' is not supported]
2026-05-13T21:13:38.531+02:00  WARN 8456 --- [Lab_2_final] [http-nio-8080-exec-3] .w.s.m.s.DefaultHandlerExceptionResolver : Resolved [org.springframework.web.HttpRequestMethodNotSupportedException: Request method 'POST' is not supported]
2026-05-13T21:13:39.146+02:00  WARN 8456 --- [Lab_2_final] [http-nio-8080-exec-1] .w.s.m.s.DefaultHandlerExceptionResolver : Resolved [org.springframework.web.HttpRequestMethodNotSupportedException: Request method 'POST' is not supported]
2026-05-13T21:13:39.814+02:00  WARN 8456 --- [Lab_2_final] [http-nio-8080-exec-2] .w.s.m.s.DefaultHandlerExceptionResolver : Resolved [org.springframework.web.HttpRequestMethodNotSupportedException: Request method 'POST' is not supported]
2026-05-13T21:13:41.177+02:00  WARN 8456 --- [Lab_2_final] [http-nio-8080-exec-10] .w.s.m.s.DefaultHandlerExceptionResolver : Resolved [org.springframework.web.HttpRequestMethodNotSupportedException: Request method 'POST' is not supported]
2026-05-13T21:13:43.563+02:00  WARN 8456 --- [Lab_2_final] [http-nio-8080-exec-7] .w.s.m.s.DefaultHandlerExceptionResolver : Resolved [org.springframework.web.HttpRequestMethodNotSupportedException: Request method 'POST' is not supported]
2026-05-13T21:14:09.872+02:00  INFO 8456 --- [Lab_2_final] [http-nio-8080-exec-4] o.springdoc.api.AbstractOpenApiResource  : Init duration for springdoc-openapi is: 911 ms
2026-05-13T21:15:02.980+02:00 DEBUG 8456 --- [Lab_2_final] [http-nio-8080-exec-7] org.hibernate.SQL                        : select u1_0.id,u1_0.created_at,u1_0.email,u1_0.name,u1_0.password,u1_0.role,u1_0.surname,u1_0.updated_at,u1_0.username from users u1_0 where u1_0.username=?
2026-05-13T21:15:02.980+02:00 TRACE 8456 --- [Lab_2_final] [http-nio-8080-exec-7] org.hibernate.orm.jdbc.bind              : binding parameter (1:VARCHAR) <- [losy]
2026-05-13T21:15:16.242+02:00  WARN 8456 --- [Lab_2_final] [http-nio-8080-exec-1] .w.s.m.s.DefaultHandlerExceptionResolver : Resolved [org.springframework.web.HttpRequestMethodNotSupportedException: Request method 'POST' is not supported]
2026-05-13T21:15:17.335+02:00  WARN 8456 --- [Lab_2_final] [http-nio-8080-exec-2] .w.s.m.s.DefaultHandlerExceptionResolver : Resolved [org.springframework.web.HttpRequestMethodNotSupportedException: Request method 'POST' is not supported]
2026-05-13T21:15:19.961+02:00  WARN 8456 --- [Lab_2_final] [http-nio-8080-exec-4] .w.s.m.s.DefaultHandlerExceptionResolver : Resolved [org.springframework.web.HttpRequestMethodNotSupportedException: Request method 'POST' is not supported]
2026-05-13T21:15:20.027+02:00  WARN 8456 --- [Lab_2_final] [http-nio-8080-exec-10] .w.s.m.s.DefaultHandlerExceptionResolver : Resolved [org.springframework.web.HttpRequestMethodNotSupportedException: Request method 'POST' is not supported]
